<?xml version="1.0" encoding="UTF-8"?>
<testng-results ignored="0" total="1" passed="1" failed="0" skipped="0">
  <reporter-output>
  </reporter-output>
  <suite started-at="2023-10-03T22:07:36 IST" name="Surefire suite" finished-at="2023-10-03T22:07:36 IST" duration-ms="162">
    <groups>
    </groups>
    <test started-at="2023-10-03T22:07:36 IST" name="Surefire test" finished-at="2023-10-03T22:07:36 IST" duration-ms="162">
      <class name="com.mycompany.app.AppTest">
        <test-method signature="shouldAnswerWithTrue()[pri:0, instance:com.mycompany.app.AppTest@78b1cc93]" started-at="2023-10-03T22:07:36 IST" name="shouldAnswerWithTrue" finished-at="2023-10-03T22:07:36 IST" duration-ms="19" status="PASS">
          <reporter-output>
          </reporter-output>
        </test-method> <!-- shouldAnswerWithTrue -->
      </class> <!-- com.mycompany.app.AppTest -->
    </test> <!-- Surefire test -->
  </suite> <!-- Surefire suite -->
</testng-results>
